


ARM Macro Assembler    Page 1 


    1 00000000         ;****************** main.s ***************
    2 00000000         ; Program written by: Kassandra Smith and Madhumitha Ven
                       kataraman
    3 00000000         ; Date Created: 1/24/2015 
    4 00000000         ; Last Modified: 1/31/2015
    5 00000000         ; Section 4-5pm     TA: Wooseok Lee
    6 00000000         ; Lab number: 1
    7 00000000         ; Brief description of the program
    8 00000000         ; The overall objective of this system is a digital lock
                       
    9 00000000         ; Hardware connections
   10 00000000         ;  PE3 is switch input  (1 means switch is not pressed, 
                       0 means switch is pressed)
   11 00000000         ;  PE4 is switch input  (1 means switch is not pressed, 
                       0 means switch is pressed)
   12 00000000         ;  PE2 is LED output (0 means door is locked, 1 means do
                       or is unlocked) 
   13 00000000         ; The specific operation of this system is to 
   14 00000000         ;   unlock if both switches are pressed
   15 00000000         
   16 00000000 400243FC 
                       GPIO_PORTE_DATA_R
                               EQU              0x400243FC
   17 00000000 40024400 
                       GPIO_PORTE_DIR_R
                               EQU              0x40024400
   18 00000000 40024420 
                       GPIO_PORTE_AFSEL_R
                               EQU              0x40024420
   19 00000000 4002451C 
                       GPIO_PORTE_DEN_R
                               EQU              0x4002451C
   20 00000000 40024528 
                       GPIO_PORTE_AMSEL_R
                               EQU              0x40024528
   21 00000000 4002452C 
                       GPIO_PORTE_PCTL_R
                               EQU              0x4002452C
   22 00000000 400FE608 
                       SYSCTL_RCGCGPIO_R
                               EQU              0x400FE608
   23 00000000         
   24 00000000         
   25 00000000         ;LEDBit=0x04
   26 00000000         ;SwitchBits=0x18
   27 00000000         
   28 00000000                 AREA             |.text|, CODE, READONLY, ALIGN=
2
   29 00000000                 THUMB
   30 00000000                 EXPORT           Start
   31 00000000         
   32 00000000         Start
   33 00000000         ;Initialize the clock,
   34 00000000 4918            LDR              R1, =SYSCTL_RCGCGPIO_R 
                                                            ;activate clock
   35 00000002 6808            LDR              R0, [R1]
   36 00000004 F040 0010       ORR              R0, R0, #0x10 ; set bit 5 to tu
                                                            rn on clock
   37 00000008 6008            STR              R0, [R1]    ; put it back



ARM Macro Assembler    Page 2 


   38 0000000A BF00            NOP
   39 0000000C BF00            NOP                          ;stabilize
   40 0000000E         
   41 0000000E         ;configure the rest of the port
   42 0000000E         ;p. 354
   43 0000000E         
   44 0000000E         ;Set DEN so that the bits are useable
   45 0000000E 4916            LDR              R1, =GPIO_PORTE_DEN_R ; enable 
                                                            Port E digital port
                                                            
   46 00000010 F04F 00FF       MOV              R0, #0xFF   ; 1 means enable di
                                                            gital I/O
   47 00000014 6008            STR              R0, [R1]
   48 00000016         
   49 00000016         ;since we want the two switches to be inputs and the led
                        to be an output we make all bits 0 except the LEDbit
   50 00000016 4915            LDR              R1, =GPIO_PORTE_DIR_R ; directi
                                                            on register
   51 00000018 F04F 0004       MOV              R0,#0x04    ; PortE bit 3 is se
                                                            t to 1
   52 0000001C 6008            STR              R0, [R1]
   53 0000001E         
   54 0000001E         ;We don't need the pins' special funtions so we set it t
                       o 0
   55 0000001E 4914            LDR              R1, =GPIO_PORTE_AFSEL_R ; regul
                                                            ar port function
   56 00000020 F04F 0000       MOV              R0, #0      ; 0 means disable a
                                                            lternate function 
   57 00000024 6008            STR              R0, [R1]
   58 00000026         
   59 00000026         ;We want to disable analog functionality
   60 00000026 4913            LDR              R1, =GPIO_PORTE_AMSEL_R ; disab
                                                            le analog functiona
                                                            lity
   61 00000028 F04F 0000       MOV              R0, #0      ; 0 means analog is
                                                             off
   62 0000002C 6008            STR              R0, [R1]
   63 0000002E         
   64 0000002E 4912            LDR              R1, =GPIO_PORTE_PCTL_R 
                                                            ; configure as GPIO
                                                            
   65 00000030 F04F 0000       MOV              R0, #0      ; 0 means configure
                                                             Port E as GPIO
   66 00000034 6008            STR              R0, [R1]
   67 00000036         
   68 00000036         
   69 00000036         
   70 00000036         
   71 00000036         
   72 00000036         
   73 00000036         
   74 00000036         loop
   75 00000036 F001 0100       AND              R1, #0x0
   76 0000003A 4910            LDR              R1, =GPIO_PORTE_DATA_R ; pointe
                                                            r to Port E data
   77 0000003C 680B            LDR              R3, [R1]    ;loads the on bits 
                                                            into R3
   78 0000003E F003 0318       AND              R3, #0x18   ;masks the on bits 
                                                            so that only the tw



ARM Macro Assembler    Page 3 


                                                            o switches show
   79 00000042 F083 0318       EOR              R3, #0x18   ;exlusive or compen
                                                            sates for negative 
                                                            logic
   80 00000046 441C            ADD              R4, R3      ;puts the on bits i
                                                            nto R4 and R5 for m
                                                            ask
   81 00000048 441D            ADD              R5, R3
   82 0000004A F004 0410       AND              R4, #0x10   ;masks for 4th bit
   83 0000004E F005 0508       AND              R5, #0x8    ;masks for 3rd bit
   84 00000052 EA4F 0494       LSR              R4, #2      ;Shifts right to ge
                                                            t on/off bits in th
                                                            e same place as the
                                                             LED bit
   85 00000056 EA4F 0555       LSR              R5, #1
   86 0000005A EA04 0405       AND              R4, R5      ;Ands, will be 1 if
                                                             both switches are 
                                                            on, 0 in any other 
                                                            instance
   87 0000005E         
   88 0000005E         ;stores whatever the result is 1 or 0 LED bit into the m
                       achine
   89 0000005E 4907            LDR              R1, =GPIO_PORTE_DATA_R
   90 00000060 600C            STR              R4, [R1]
   91 00000062         
   92 00000062         
   93 00000062 E7E8            B                loop
   94 00000064         
   95 00000064                 ALIGN                        ; make sure the end
                                                             of this section is
                                                             aligned
   96 00000064                 END                          ; end of file
              400FE608 
              4002451C 
              40024400 
              40024420 
              40024528 
              4002452C 
              400243FC 
Command Line: --debug --xref --cpu=Cortex-M4 --apcs=interwork --depend=.\main.d
 -o.\main.o -IC:\Keil\ARM\RV31\INC -IC:\Keil\ARM\CMSIS\Include -IC:\Keil\ARM\In
c\Luminary --predefine="__EVAL SETA 1" --list=.\main.lst main.s



ARM Macro Assembler    Page 1 Alphabetic symbol ordering
Relocatable symbols

.text 00000000

Symbol: .text
   Definitions
      At line 28 in file main.s
   Uses
      None
Comment: .text unused
Start 00000000

Symbol: Start
   Definitions
      At line 32 in file main.s
   Uses
      At line 30 in file main.s
Comment: Start used once
loop 00000036

Symbol: loop
   Definitions
      At line 74 in file main.s
   Uses
      At line 93 in file main.s
Comment: loop used once
3 symbols



ARM Macro Assembler    Page 1 Alphabetic symbol ordering
Absolute symbols

GPIO_PORTE_AFSEL_R 40024420

Symbol: GPIO_PORTE_AFSEL_R
   Definitions
      At line 18 in file main.s
   Uses
      At line 55 in file main.s
Comment: GPIO_PORTE_AFSEL_R used once
GPIO_PORTE_AMSEL_R 40024528

Symbol: GPIO_PORTE_AMSEL_R
   Definitions
      At line 20 in file main.s
   Uses
      At line 60 in file main.s
Comment: GPIO_PORTE_AMSEL_R used once
GPIO_PORTE_DATA_R 400243FC

Symbol: GPIO_PORTE_DATA_R
   Definitions
      At line 16 in file main.s
   Uses
      At line 76 in file main.s
      At line 89 in file main.s

GPIO_PORTE_DEN_R 4002451C

Symbol: GPIO_PORTE_DEN_R
   Definitions
      At line 19 in file main.s
   Uses
      At line 45 in file main.s
Comment: GPIO_PORTE_DEN_R used once
GPIO_PORTE_DIR_R 40024400

Symbol: GPIO_PORTE_DIR_R
   Definitions
      At line 17 in file main.s
   Uses
      At line 50 in file main.s
Comment: GPIO_PORTE_DIR_R used once
GPIO_PORTE_PCTL_R 4002452C

Symbol: GPIO_PORTE_PCTL_R
   Definitions
      At line 21 in file main.s
   Uses
      At line 64 in file main.s
Comment: GPIO_PORTE_PCTL_R used once
SYSCTL_RCGCGPIO_R 400FE608

Symbol: SYSCTL_RCGCGPIO_R
   Definitions
      At line 22 in file main.s
   Uses
      At line 34 in file main.s
Comment: SYSCTL_RCGCGPIO_R used once
7 symbols
343 symbols in table
