


ARM Macro Assembler    Page 1 


    1 00000000         ;****************** main.s ***************
    2 00000000         ; Program written by: Kassandra Smith and Madhumitha Ven
                       kataraman
    3 00000000         ; Date Created: 1/24/2015 
    4 00000000         ; Last Modified: 2/4/2015 
    5 00000000         ; Section 1-2pm     TA: Saugata Bhattacharyya
    6 00000000         ; Lab number: 2
    7 00000000         ; Brief description of the program
    8 00000000         ; The overall objective of this system is a digital lock
                       
    9 00000000         ; Hardware connections
   10 00000000         ; PF4 is switch input  (1 means SW1 is not pressed, 0 me
                       ans SW1 is pressed)
   11 00000000         ; PF2 is LED output (1 activates blue LED) 
   12 00000000         ; The specific operation of this system 
   13 00000000         ; 1) Make PF2 an output and make PF4 an input (enable PU
                       R for PF4). 
   14 00000000         ; 2) The system starts with the LED ON (make PF2 =1). 
   15 00000000         ; 3) Delay for about 1 ms
   16 00000000         ; 4) If the switch is pressed (PF4 is 0), then toggle th
                       e LED once, else turn the LED ON. 
   17 00000000         ; 5) Repeat steps 3 and 4 over and over
   18 00000000         
   19 00000000 400253FC 
                       GPIO_PORTF_DATA_R
                               EQU              0x400253FC
   20 00000000 40025400 
                       GPIO_PORTF_DIR_R
                               EQU              0x40025400
   21 00000000 40025420 
                       GPIO_PORTF_AFSEL_R
                               EQU              0x40025420
   22 00000000 40025510 
                       GPIO_PORTF_PUR_R
                               EQU              0x40025510
   23 00000000 4002551C 
                       GPIO_PORTF_DEN_R
                               EQU              0x4002551C
   24 00000000 40025528 
                       GPIO_PORTF_AMSEL_R
                               EQU              0x40025528
   25 00000000 4002552C 
                       GPIO_PORTF_PCTL_R
                               EQU              0x4002552C
   26 00000000 400FE608 
                       SYSCTL_RCGCGPIO_R
                               EQU              0x400FE608
   27 00000000 40025520 
                       GPIO_PORTF_LOCK_R
                               EQU              0x40025520
   28 00000000 40025524 
                       GPIO_PORTF_CR_R
                               EQU              0x40025524
   29 00000000         
   30 00000000         
   31 00000000                 AREA             |.text|, CODE, READONLY, ALIGN=
2
   32 00000000                 THUMB
   33 00000000                 EXPORT           Start



ARM Macro Assembler    Page 2 


   34 00000000         Start
   35 00000000         ;Enable the clock for the port, 
   36 00000000         ;Initialize clock,
   37 00000000 4928            LDR              R1, =SYSCTL_RCGCGPIO_R 
                                                            ;activate clock
   38 00000002 6808            LDR              R0, [R1]
   39 00000004 F040 0020       ORR              R0, R0, #0x20 ;set bit 5 to tur
                                                            n on clock
   40 00000008 6008            STR              R0, [R1]    ;put it back
   41 0000000A BF00            NOP                          ;wait for stabiliza
                                                            tion,
   42 0000000C BF00            NOP
   43 0000000E         
   44 0000000E         
   45 0000000E 4926            LDR              R1, =GPIO_PORTF_LOCK_R ;unlock 
                                                            the lock register
   46 00000010 4826            LDR              R0, =0x4C4F434B ;unlock GPIO Po
                                                            rt F Commit Registe
                                                            r
   47 00000012 6008            STR              R0, [R1]
   48 00000014         
   49 00000014         
   50 00000014 4926            LDR              R1, =GPIO_PORTF_CR_R ;enable co
                                                            mmit for Port F  in
                                                            dexed
   51 00000016 F04F 00FF       MOV              R0, #0xFF   ;1 means allow acce
                                                            ss immediate
   52 0000001A 6008            STR              R0, [R1]
   53 0000001C         
   54 0000001C         
   55 0000001C 4925            LDR              R1, =GPIO_PORTF_AMSEL_R ;disabl
                                                            e analog functional
                                                            ity
   56 0000001E 6808            LDR              R0, [R1]
   57 00000020 F020 0014       BIC              R0, #0x14   ;Clear bits 2 and 4
                                                            
   58 00000024 6008            STR              R0, [R1]
   59 00000026         
   60 00000026         
   61 00000026 4924            LDR              R1, =GPIO_PORTF_PCTL_R 
                                                            ;configure as GPIO
   62 00000028 6808            LDR              R0, [R1]
   63 0000002A F020 0014       BIC              R0, #0x14   ;0 means configure 
                                                            Port F as GPIO
   64 0000002E 6008            STR              R0, [R1]
   65 00000030         
   66 00000030         
   67 00000030 4922            LDR              R1, =GPIO_PORTF_DIR_R ;set dire
                                                            ction register
   68 00000032 6808            LDR              R0, [R1]
   69 00000034 F040 0004       ORR              R0,#0x04    ;PortF bit 2 is set
                                                             to 1
   70 00000038 F020 0010       BIC              R0,#0x10    ;clear bit 4
   71 0000003C 6008            STR              R0, [R1]
   72 0000003E         
   73 0000003E         
   74 0000003E 4920            LDR              R1, =GPIO_PORTF_AFSEL_R ;disabl
                                                            e alternate functio
                                                            n select



ARM Macro Assembler    Page 3 


   75 00000040 6808            LDR              R0, [R1]
   76 00000042 F020 0014       BIC              R0, #0x14   ;We don't need the 
                                                            pins' special funct
                                                            ions so we set it t
                                                            o 0        
   77 00000046 6008            STR              R0, [R1]
   78 00000048         
   79 00000048         
   80 00000048 491E            LDR              R1, =GPIO_PORTF_DEN_R ;Set DEN 
                                                            so that the bits ar
                                                            e useable, Port F d
                                                            igital port
   81 0000004A 6808            LDR              R0, [R1]
   82 0000004C F040 00FF       ORR              R0, #0xFF   ;1 enables digital 
                                                            I/O
   83 00000050 6008            STR              R0, [R1]
   84 00000052         
   85 00000052         
   86 00000052 491D            LDR              R1, =GPIO_PORTF_PUR_R ;enable p
                                                            ull up resistor
   87 00000054 6808            LDR              R0, [R1]
   88 00000056 F040 0010       ORR              R0, #0x10   ;enable PUR for bit
                                                             4 
   89 0000005A 6008            STR              R0, [R1]
   90 0000005C         
   91 0000005C         
   92 0000005C 491B            LDR              R1, =GPIO_PORTF_DATA_R
   93 0000005E 6808            LDR              R0, [R1]
   94 00000060 F040 0004       ORR              R0, #0x04   ;starting the progr
                                                            am with the LED on 
                                                            
   95 00000064 6008            STR              R0, [R1]
   96 00000066         
   97 00000066         
   98 00000066 F005 0500       AND              R5, R5, #0  ;clearing register 
                                                            5, to be used as co
                                                            unter for delay
   99 0000006A         
  100 0000006A         
  101 0000006A         loop
  102 0000006A F605 45B2       ADD              R5, #3250   ;set R5 to 3250   L
                                                            iteral addressing
  103 0000006E         delay                                ;delay function 
  104 0000006E F105 35FF       ADD              R5, #-1     ;subtract one from 
                                                            R5
  105 00000072 2D00            CMP              R5, #0      ;if R5 greater than
                                                             zero, branch to de
                                                            lay
  106 00000074 DCFB            BGT              delay       ;if R5 is equal to 
                                                            zero, proceed 
  107 00000076         
  108 00000076 4A15            LDR              R2, =GPIO_PORTF_DATA_R
  109 00000078 4E14            LDR              R6, =GPIO_PORTF_DATA_R
  110 0000007A 6836            LDR              R6, [R6]    ;load data from Por
                                                            t F Register indire
                                                            ct
  111 0000007C F006 0610       AND              R6, #0x10   ;masking for bit 4
  112 00000080 2E10            CMP              R6, #0x10   ;check and see is b
                                                            it 4 is "1" (switch



ARM Macro Assembler    Page 4 


                                                             not pressed)
  113 00000082 D007            BEQ              turnon      ;if switch is not p
                                                            ressed, take the br
                                                            anch
  114 00000084 4E11            LDR              R6, =GPIO_PORTF_DATA_R
  115 00000086 6836            LDR              R6, [R6]    ;load data from Por
                                                            t F
  116 00000088 F006 0604       AND              R6, #0x04   ;masking for bit 2
  117 0000008C F086 0604       EOR              R6, R6, #0x4 ;NOT bit 2
  118 00000090 6016            STR              R6, [R2]    ;store result back 
                                                            to Port F 
  119 00000092 E7EA            B                loop        ;Branch back to beg
                                                            inning of loop PC r
                                                            elative
  120 00000094         
  121 00000094         turnon                               ;turning or keeping
                                                             the LED on 
  122 00000094 490D            LDR              R1, =GPIO_PORTF_DATA_R
  123 00000096 4A0D            LDR              R2, =GPIO_PORTF_DATA_R
  124 00000098 6809            LDR              R1, [R1]    ;load data from Por
                                                            t F
  125 0000009A F041 0104       ORR              R1, #0x04   ;set bit 2 to "1" 
  126 0000009E 6011            STR              R1, [R2]    ;store result back 
                                                            to Port F
  127 000000A0         ;end subroutine 
  128 000000A0 E7E3            B                loop
  129 000000A2         
  130 000000A2         
  131 000000A2 00 00           ALIGN                        ;make sure the end 
                                                            of this section is 
                                                            aligned
  132 000000A4                 END                          ;end of file
              400FE608 
              40025520 
              4C4F434B 
              40025524 
              40025528 
              4002552C 
              40025400 
              40025420 
              4002551C 
              40025510 
              400253FC 
Command Line: --debug --xref --cpu=Cortex-M4 --apcs=interwork --depend=.\main.d
 -o.\main.o -IC:\Keil\ARM\RV31\INC -IC:\Keil\ARM\CMSIS\Include -IC:\Keil\ARM\In
c\Luminary --predefine="__EVAL SETA 1" --list=.\main.lst main.s



ARM Macro Assembler    Page 1 Alphabetic symbol ordering
Relocatable symbols

.text 00000000

Symbol: .text
   Definitions
      At line 31 in file main.s
   Uses
      None
Comment: .text unused
Start 00000000

Symbol: Start
   Definitions
      At line 34 in file main.s
   Uses
      At line 33 in file main.s
Comment: Start used once
delay 0000006E

Symbol: delay
   Definitions
      At line 103 in file main.s
   Uses
      At line 106 in file main.s
Comment: delay used once
loop 0000006A

Symbol: loop
   Definitions
      At line 101 in file main.s
   Uses
      At line 119 in file main.s
      At line 128 in file main.s

turnon 00000094

Symbol: turnon
   Definitions
      At line 121 in file main.s
   Uses
      At line 113 in file main.s
Comment: turnon used once
5 symbols



ARM Macro Assembler    Page 1 Alphabetic symbol ordering
Absolute symbols

GPIO_PORTF_AFSEL_R 40025420

Symbol: GPIO_PORTF_AFSEL_R
   Definitions
      At line 21 in file main.s
   Uses
      At line 74 in file main.s
Comment: GPIO_PORTF_AFSEL_R used once
GPIO_PORTF_AMSEL_R 40025528

Symbol: GPIO_PORTF_AMSEL_R
   Definitions
      At line 24 in file main.s
   Uses
      At line 55 in file main.s
Comment: GPIO_PORTF_AMSEL_R used once
GPIO_PORTF_CR_R 40025524

Symbol: GPIO_PORTF_CR_R
   Definitions
      At line 28 in file main.s
   Uses
      At line 50 in file main.s
Comment: GPIO_PORTF_CR_R used once
GPIO_PORTF_DATA_R 400253FC

Symbol: GPIO_PORTF_DATA_R
   Definitions
      At line 19 in file main.s
   Uses
      At line 92 in file main.s
      At line 108 in file main.s
      At line 109 in file main.s
      At line 114 in file main.s
      At line 122 in file main.s
      At line 123 in file main.s

GPIO_PORTF_DEN_R 4002551C

Symbol: GPIO_PORTF_DEN_R
   Definitions
      At line 23 in file main.s
   Uses
      At line 80 in file main.s
Comment: GPIO_PORTF_DEN_R used once
GPIO_PORTF_DIR_R 40025400

Symbol: GPIO_PORTF_DIR_R
   Definitions
      At line 20 in file main.s
   Uses
      At line 67 in file main.s
Comment: GPIO_PORTF_DIR_R used once
GPIO_PORTF_LOCK_R 40025520

Symbol: GPIO_PORTF_LOCK_R
   Definitions
      At line 27 in file main.s
   Uses



ARM Macro Assembler    Page 2 Alphabetic symbol ordering
Absolute symbols

      At line 45 in file main.s
Comment: GPIO_PORTF_LOCK_R used once
GPIO_PORTF_PCTL_R 4002552C

Symbol: GPIO_PORTF_PCTL_R
   Definitions
      At line 25 in file main.s
   Uses
      At line 61 in file main.s
Comment: GPIO_PORTF_PCTL_R used once
GPIO_PORTF_PUR_R 40025510

Symbol: GPIO_PORTF_PUR_R
   Definitions
      At line 22 in file main.s
   Uses
      At line 86 in file main.s
Comment: GPIO_PORTF_PUR_R used once
SYSCTL_RCGCGPIO_R 400FE608

Symbol: SYSCTL_RCGCGPIO_R
   Definitions
      At line 26 in file main.s
   Uses
      At line 37 in file main.s
Comment: SYSCTL_RCGCGPIO_R used once
10 symbols
348 symbols in table
